<?xml version="1.0" encoding="UTF-8"?>
<coverage generated="1725957799013" clover="3.2.0">
  <project timestamp="1725957799013" name="All files">
    <metrics statements="36" coveredstatements="36" conditionals="34" coveredconditionals="31" methods="9" coveredmethods="9" elements="79" coveredelements="76" complexity="0" loc="36" ncloc="36" packages="1" files="1" classes="1"/>
    <file name="index.ts" path="/Users/mj/Desktop/zustand-async-slice/src/index.ts">
      <metrics statements="36" coveredstatements="36" conditionals="34" coveredconditionals="31" methods="9" coveredmethods="9"/>
      <line num="4" count="73" type="stmt"/>
      <line num="100" count="1" type="stmt"/>
      <line num="108" count="9" type="stmt"/>
      <line num="123" count="9" type="cond" truecount="1" falsecount="1"/>
      <line num="124" count="9" type="cond" truecount="1" falsecount="1"/>
      <line num="126" count="9" type="stmt"/>
      <line num="127" count="9" type="stmt"/>
      <line num="128" count="9" type="stmt"/>
      <line num="129" count="9" type="stmt"/>
      <line num="130" count="9" type="stmt"/>
      <line num="133" count="18" type="stmt"/>
      <line num="134" count="9" type="stmt"/>
      <line num="135" count="9" type="stmt"/>
      <line num="136" count="9" type="stmt"/>
      <line num="141" count="9" type="stmt"/>
      <line num="150" count="5" type="stmt"/>
      <line num="151" count="5" type="stmt"/>
      <line num="152" count="5" type="stmt"/>
      <line num="157" count="5" type="stmt"/>
      <line num="159" count="4" type="stmt"/>
      <line num="160" count="4" type="stmt"/>
      <line num="161" count="4" type="stmt"/>
      <line num="166" count="4" type="stmt"/>
      <line num="170" count="9" type="stmt"/>
      <line num="176" count="9" type="stmt"/>
      <line num="178" count="9" type="cond" truecount="2" falsecount="0"/>
      <line num="184" count="9" type="cond" truecount="2" falsecount="0"/>
      <line num="190" count="9" type="cond" truecount="2" falsecount="0"/>
      <line num="196" count="9" type="cond" truecount="2" falsecount="0"/>
      <line num="202" count="9" type="cond" truecount="2" falsecount="0"/>
      <line num="203" count="9" type="stmt"/>
      <line num="204" count="9" type="stmt"/>
      <line num="206" count="5" type="stmt"/>
      <line num="214" count="5" type="stmt"/>
      <line num="217" count="4" type="stmt"/>
      <line num="225" count="4" type="stmt"/>
    </file>
  </project>
</coverage>
