{"/Users/mj/Desktop/zustand-async-slice/src/index.ts": {"path":"/Users/mj/Desktop/zustand-async-slice/src/index.ts","statementMap":{"0":{"start":{"line":4,"column":2},"end":{"line":8,"column":4}},"1":{"start":{"line":108,"column":2},"end":{"line":229,"column":4}},"2":{"start":{"line":123,"column":24},"end":{"line":123,"column":79}},"3":{"start":{"line":124,"column":26},"end":{"line":124,"column":81}},"4":{"start":{"line":126,"column":30},"end":{"line":126,"column":56}},"5":{"start":{"line":127,"column":27},"end":{"line":127,"column":50}},"6":{"start":{"line":128,"column":20},"end":{"line":128,"column":42}},"7":{"start":{"line":129,"column":19},"end":{"line":129,"column":38}},"8":{"start":{"line":130,"column":24},"end":{"line":130,"column":48}},"9":{"start":{"line":133,"column":6},"end":{"line":168,"column":7}},"10":{"start":{"line":133,"column":70},"end":{"line":168,"column":7}},"11":{"start":{"line":134,"column":8},"end":{"line":167,"column":9}},"12":{"start":{"line":135,"column":10},"end":{"line":135,"column":40}},"13":{"start":{"line":136,"column":10},"end":{"line":139,"column":31}},"14":{"start":{"line":141,"column":23},"end":{"line":147,"column":null}},"15":{"start":{"line":150,"column":10},"end":{"line":150,"column":83}},"16":{"start":{"line":151,"column":10},"end":{"line":151,"column":50}},"17":{"start":{"line":152,"column":10},"end":{"line":155,"column":31}},"18":{"start":{"line":157,"column":10},"end":{"line":157,"column":22}},"19":{"start":{"line":159,"column":10},"end":{"line":159,"column":84}},"20":{"start":{"line":160,"column":10},"end":{"line":160,"column":49}},"21":{"start":{"line":161,"column":10},"end":{"line":164,"column":31}},"22":{"start":{"line":166,"column":10},"end":{"line":166,"column":22}},"23":{"start":{"line":170,"column":4},"end":{"line":228,"column":7}},"24":{"start":{"line":170,"column":76},"end":{"line":228,"column":6}},"25":{"start":{"line":176,"column":27},"end":{"line":176,"column":59}},"26":{"start":{"line":178,"column":25},"end":{"line":182,"column":23}},"27":{"start":{"line":184,"column":29},"end":{"line":188,"column":23}},"28":{"start":{"line":190,"column":27},"end":{"line":194,"column":23}},"29":{"start":{"line":196,"column":29},"end":{"line":200,"column":23}},"30":{"start":{"line":202,"column":33},"end":{"line":202,"column":98}},"31":{"start":{"line":203,"column":8},"end":{"line":203,"column":59}},"32":{"start":{"line":204,"column":8},"end":{"line":226,"column":13}},"33":{"start":{"line":206,"column":12},"end":{"line":213,"column":15}},"34":{"start":{"line":214,"column":12},"end":{"line":214,"column":73}},"35":{"start":{"line":217,"column":12},"end":{"line":224,"column":15}},"36":{"start":{"line":225,"column":12},"end":{"line":225,"column":72}},"37":{"start":{"line":100,"column":0},"end":{"line":100,"column":16}}},"fnMap":{"0":{"name":"isCallbacksObj","decl":{"start":{"line":3,"column":9},"end":{"line":3,"column":23}},"loc":{"start":{"line":3,"column":30},"end":{"line":9,"column":1}}},"1":{"name":"asyncSlice","decl":{"start":{"line":100,"column":16},"end":{"line":100,"column":26}},"loc":{"start":{"line":100,"column":26},"end":{"line":230,"column":1}}},"2":{"name":"(anonymous_2)","decl":{"start":{"line":108,"column":9},"end":{"line":108,"column":10}},"loc":{"start":{"line":122,"column":7},"end":{"line":229,"column":3}}},"3":{"name":"(anonymous_3)","decl":{"start":{"line":133,"column":6},"end":{"line":133,"column":7}},"loc":{"start":{"line":133,"column":70},"end":{"line":168,"column":7}}},"4":{"name":"(anonymous_4)","decl":{"start":{"line":133,"column":70},"end":{"line":133,"column":75}},"loc":{"start":{"line":133,"column":92},"end":{"line":168,"column":7}}},"5":{"name":"(anonymous_5)","decl":{"start":{"line":170,"column":11},"end":{"line":170,"column":12}},"loc":{"start":{"line":170,"column":76},"end":{"line":228,"column":6}}},"6":{"name":"(anonymous_6)","decl":{"start":{"line":175,"column":16},"end":{"line":175,"column":17}},"loc":{"start":{"line":175,"column":86},"end":{"line":227,"column":7}}},"7":{"name":"(anonymous_7)","decl":{"start":{"line":205,"column":16},"end":{"line":205,"column":17}},"loc":{"start":{"line":205,"column":25},"end":{"line":215,"column":11}}},"8":{"name":"(anonymous_8)","decl":{"start":{"line":216,"column":17},"end":{"line":216,"column":18}},"loc":{"start":{"line":216,"column":32},"end":{"line":226,"column":11}}}},"branchMap":{"0":{"loc":{"start":{"line":5,"column":4},"end":{"line":7,"column":76}},"type":"binary-expr","locations":[{"start":{"line":5,"column":4},"end":{"line":5,"column":14}},{"start":{"line":6,"column":4},"end":{"line":6,"column":25}},{"start":{"line":7,"column":5},"end":{"line":7,"column":21}},{"start":{"line":7,"column":25},"end":{"line":7,"column":39}},{"start":{"line":7,"column":43},"end":{"line":7,"column":59}},{"start":{"line":7,"column":63},"end":{"line":7,"column":75}}]},"1":{"loc":{"start":{"line":123,"column":24},"end":{"line":123,"column":79}},"type":"cond-expr","locations":[{"start":{"line":123,"column":32},"end":{"line":123,"column":34}},{"start":{"line":123,"column":37},"end":{"line":123,"column":79}}]},"2":{"loc":{"start":{"line":124,"column":26},"end":{"line":124,"column":81}},"type":"cond-expr","locations":[{"start":{"line":124,"column":34},"end":{"line":124,"column":36}},{"start":{"line":124,"column":39},"end":{"line":124,"column":81}}]},"3":{"loc":{"start":{"line":142,"column":12},"end":{"line":146,"column":24}},"type":"cond-expr","locations":[{"start":{"line":143,"column":16},"end":{"line":143,"column":28}},{"start":{"line":144,"column":16},"end":{"line":146,"column":24}}]},"4":{"loc":{"start":{"line":142,"column":12},"end":{"line":142,"column":51}},"type":"binary-expr","locations":[{"start":{"line":142,"column":12},"end":{"line":142,"column":27}},{"start":{"line":142,"column":31},"end":{"line":142,"column":51}}]},"5":{"loc":{"start":{"line":144,"column":16},"end":{"line":146,"column":24}},"type":"cond-expr","locations":[{"start":{"line":145,"column":18},"end":{"line":145,"column":41}},{"start":{"line":146,"column":18},"end":{"line":146,"column":24}}]},"6":{"loc":{"start":{"line":178,"column":25},"end":{"line":182,"column":23}},"type":"cond-expr","locations":[{"start":{"line":179,"column":12},"end":{"line":179,"column":28}},{"start":{"line":180,"column":12},"end":{"line":182,"column":23}}]},"7":{"loc":{"start":{"line":180,"column":12},"end":{"line":182,"column":23}},"type":"cond-expr","locations":[{"start":{"line":181,"column":14},"end":{"line":181,"column":38}},{"start":{"line":182,"column":14},"end":{"line":182,"column":23}}]},"8":{"loc":{"start":{"line":184,"column":29},"end":{"line":188,"column":23}},"type":"cond-expr","locations":[{"start":{"line":185,"column":12},"end":{"line":185,"column":32}},{"start":{"line":186,"column":12},"end":{"line":188,"column":23}}]},"9":{"loc":{"start":{"line":186,"column":12},"end":{"line":188,"column":23}},"type":"cond-expr","locations":[{"start":{"line":187,"column":14},"end":{"line":187,"column":42}},{"start":{"line":188,"column":14},"end":{"line":188,"column":23}}]},"10":{"loc":{"start":{"line":190,"column":27},"end":{"line":194,"column":23}},"type":"cond-expr","locations":[{"start":{"line":191,"column":12},"end":{"line":191,"column":30}},{"start":{"line":192,"column":12},"end":{"line":194,"column":23}}]},"11":{"loc":{"start":{"line":192,"column":12},"end":{"line":194,"column":23}},"type":"cond-expr","locations":[{"start":{"line":193,"column":14},"end":{"line":193,"column":40}},{"start":{"line":194,"column":14},"end":{"line":194,"column":23}}]},"12":{"loc":{"start":{"line":196,"column":29},"end":{"line":200,"column":23}},"type":"cond-expr","locations":[{"start":{"line":197,"column":12},"end":{"line":197,"column":32}},{"start":{"line":198,"column":12},"end":{"line":200,"column":23}}]},"13":{"loc":{"start":{"line":198,"column":12},"end":{"line":200,"column":23}},"type":"cond-expr","locations":[{"start":{"line":199,"column":14},"end":{"line":199,"column":42}},{"start":{"line":200,"column":14},"end":{"line":200,"column":23}}]},"14":{"loc":{"start":{"line":202,"column":33},"end":{"line":202,"column":98}},"type":"cond-expr","locations":[{"start":{"line":202,"column":69},"end":{"line":202,"column":78}},{"start":{"line":202,"column":81},"end":{"line":202,"column":98}}]}},"s":{"0":73,"1":9,"2":9,"3":9,"4":9,"5":9,"6":9,"7":9,"8":9,"9":9,"10":18,"11":9,"12":9,"13":9,"14":9,"15":5,"16":5,"17":5,"18":5,"19":4,"20":4,"21":4,"22":4,"23":9,"24":9,"25":9,"26":9,"27":9,"28":9,"29":9,"30":9,"31":9,"32":9,"33":5,"34":5,"35":4,"36":4,"37":1},"f":{"0":73,"1":9,"2":9,"3":18,"4":9,"5":9,"6":9,"7":5,"8":4},"b":{"0":[73,73,30,30,21,21],"1":[0,9],"2":[0,9],"3":[5,4],"4":[9,9],"5":[4,0],"6":[2,7],"7":[2,5],"8":[2,7],"9":[2,5],"10":[2,7],"11":[2,5],"12":[2,7],"13":[2,5],"14":[2,7]}}
}
