TN:
SF:src/index.ts
FN:3,isCallbacksObj
FN:100,asyncSlice
FN:108,(anonymous_2)
FN:133,(anonymous_3)
FN:133,(anonymous_4)
FN:170,(anonymous_5)
FN:175,(anonymous_6)
FN:205,(anonymous_7)
FN:216,(anonymous_8)
FNF:9
FNH:9
FNDA:73,isCallbacksObj
FNDA:9,asyncSlice
FNDA:9,(anonymous_2)
FNDA:18,(anonymous_3)
FNDA:9,(anonymous_4)
FNDA:9,(anonymous_5)
FNDA:9,(anonymous_6)
FNDA:5,(anonymous_7)
FNDA:4,(anonymous_8)
DA:4,73
DA:100,1
DA:108,9
DA:123,9
DA:124,9
DA:126,9
DA:127,9
DA:128,9
DA:129,9
DA:130,9
DA:133,18
DA:134,9
DA:135,9
DA:136,9
DA:141,9
DA:150,5
DA:151,5
DA:152,5
DA:157,5
DA:159,4
DA:160,4
DA:161,4
DA:166,4
DA:170,9
DA:176,9
DA:178,9
DA:184,9
DA:190,9
DA:196,9
DA:202,9
DA:203,9
DA:204,9
DA:206,5
DA:214,5
DA:217,4
DA:225,4
LF:36
LH:36
BRDA:5,0,0,73
BRDA:5,0,1,73
BRDA:5,0,2,30
BRDA:5,0,3,30
BRDA:5,0,4,21
BRDA:5,0,5,21
BRDA:123,1,0,0
BRDA:123,1,1,9
BRDA:124,2,0,0
BRDA:124,2,1,9
BRDA:142,3,0,5
BRDA:142,3,1,4
BRDA:142,4,0,9
BRDA:142,4,1,9
BRDA:144,5,0,4
BRDA:144,5,1,0
BRDA:178,6,0,2
BRDA:178,6,1,7
BRDA:180,7,0,2
BRDA:180,7,1,5
BRDA:184,8,0,2
BRDA:184,8,1,7
BRDA:186,9,0,2
BRDA:186,9,1,5
BRDA:190,10,0,2
BRDA:190,10,1,7
BRDA:192,11,0,2
BRDA:192,11,1,5
BRDA:196,12,0,2
BRDA:196,12,1,7
BRDA:198,13,0,2
BRDA:198,13,1,5
BRDA:202,14,0,2
BRDA:202,14,1,7
BRF:34
BRH:31
end_of_record
